<?xml version="1.0" encoding="UTF-8"?>
<!-- Generated by org.testng.reporters.JUnitReportReporter -->
<testsuite hostname="LAPTOP-U0L5QPBP" failures="0" tests="5" name="segurosBolivar.TestClass" time="44.314" errors="0" timestamp="2021-12-27T14:18:10 COT" skipped="0">
  <testcase classname="segurosBolivar.TestClass" name="VerifyVivaAir" time="14.653"/>
  <system-out/>
  <testcase classname="segurosBolivar.TestClass" name="VerifyVivaAir" time="5.765"/>
  <system-out/>
  <testcase classname="segurosBolivar.TestClass" name="VerifyVivaAir" time="6.106"/>
  <system-out/>
  <testcase classname="segurosBolivar.TestClass" name="VerifyVivaAir" time="7.291"/>
  <system-out/>
  <testcase classname="segurosBolivar.TestClass" name="VerifyVivaAir" time="10.499"/>
  <system-out/>
</testsuite> <!-- segurosBolivar.TestClass -->
